#-----------------------------------------------------------
# Vivado v2020.2 (64-bit)
# SW Build 3064766 on Wed Nov 18 09:12:45 MST 2020
# IP Build 3064653 on Wed Nov 18 14:17:31 MST 2020
# Start of session at: Fri Mar 18 21:35:36 2022
# Process ID: 8836
# Current directory: D:/Final_Year_Prject/Codes/Image-Classification-using-CNN-on-FPGA/Verilog Modules using Vivado/CNN Top Module
# Command line: vivado.exe -gui_launcher_event rodinguilauncherevent4068 D:\Final_Year_Prject\Codes\Image-Classification-using-CNN-on-FPGA\Verilog Modules using Vivado\CNN Top Module\CNN Top Module.xpr
# Log file: D:/Final_Year_Prject/Codes/Image-Classification-using-CNN-on-FPGA/Verilog Modules using Vivado/CNN Top Module/vivado.log
# Journal file: D:/Final_Year_Prject/Codes/Image-Classification-using-CNN-on-FPGA/Verilog Modules using Vivado/CNN Top Module\vivado.jou
#-----------------------------------------------------------
start_gui
open_project {D:/Final_Year_Prject/Codes/Image-Classification-using-CNN-on-FPGA/Verilog Modules using Vivado/CNN Top Module/CNN Top Module.xpr}
INFO: [ProjectBase 1-489] The host OS only allows 260 characters in a normal path. The project is stored in a path with more than 80 characters. If you experience issues with IP, Block Designs, or files not being found, please consider moving the project to a location with a shorter path. Alternately consider using the OS subst command to map part of the path to a drive letter.
Current project path is 'D:/Final_Year_Prject/Codes/Image-Classification-using-CNN-on-FPGA/Verilog Modules using Vivado/CNN Top Module'
Scanning sources...
Finished scanning sources
INFO: [IP_Flow 19-234] Refreshing IP repositories
INFO: [IP_Flow 19-1704] No user IP repositories specified
INFO: [IP_Flow 19-2313] Loaded Vivado IP repository 'D:/xilinx/Vivado/2020.2/data/ip'.
WARNING: [IP_Flow 19-2162] IP 'blk_mem_gen_0' is locked:
* IP definition 'Block Memory Generator (8.4)' for IP 'blk_mem_gen_0' (customized with software release 2017.4) has a different revision in the IP Catalog.
WARNING: [IP_Flow 19-2162] IP 'c_counter_binary_0' is locked:
* IP definition 'Binary Counter (12.0)' for IP 'c_counter_binary_0' (customized with software release 2017.4) has a different revision in the IP Catalog.
open_project: Time (s): cpu = 00:00:49 ; elapsed = 00:00:30 . Memory (MB): peak = 1083.219 ; gain = 0.000
update_compile_order -fileset sources_1
WARNING: [Vivado 12-1432] Changing the part may invalidate previously generated IP's. IP's might need to be reset and regenerated to work with the new part.
set_property part xc7a200tfbg484-2L [get_runs impl_1]
reset_run impl_1
launch_runs impl_1 -jobs 4
INFO: [Vivado 12-4149] The synthesis checkpoint for IP 'D:/Final_Year_Prject/Codes/Image-Classification-using-CNN-on-FPGA/Verilog Modules using Vivado/Matrix Multiplication/Matrix Multiplication.srcs/sources_1/ip/blk_mem_gen_0/blk_mem_gen_0.xci' is already up-to-date
INFO: [Vivado 12-4149] The synthesis checkpoint for IP 'D:/Final_Year_Prject/Codes/Image-Classification-using-CNN-on-FPGA/Verilog Modules using Vivado/Matrix convolution/matrix convolution/matrix convolution.srcs/sources_1/ip/c_counter_binary_0/c_counter_binary_0.xci' is already up-to-date
[Fri Mar 18 21:42:58 2022] Launched impl_1...
Run output will be captured here: D:/Final_Year_Prject/Codes/Image-Classification-using-CNN-on-FPGA/Verilog Modules using Vivado/CNN Top Module/CNN Top Module.runs/impl_1/runme.log
reset_run synth_1
launch_runs synth_1 -jobs 4
INFO: [Vivado 12-4149] The synthesis checkpoint for IP 'D:/Final_Year_Prject/Codes/Image-Classification-using-CNN-on-FPGA/Verilog Modules using Vivado/Matrix Multiplication/Matrix Multiplication.srcs/sources_1/ip/blk_mem_gen_0/blk_mem_gen_0.xci' is already up-to-date
INFO: [Vivado 12-4149] The synthesis checkpoint for IP 'D:/Final_Year_Prject/Codes/Image-Classification-using-CNN-on-FPGA/Verilog Modules using Vivado/Matrix convolution/matrix convolution/matrix convolution.srcs/sources_1/ip/c_counter_binary_0/c_counter_binary_0.xci' is already up-to-date
[Fri Mar 18 21:46:13 2022] Launched synth_1...
Run output will be captured here: D:/Final_Year_Prject/Codes/Image-Classification-using-CNN-on-FPGA/Verilog Modules using Vivado/CNN Top Module/CNN Top Module.runs/synth_1/runme.log
launch_runs impl_1 -jobs 4
INFO: [Vivado 12-4149] The synthesis checkpoint for IP 'D:/Final_Year_Prject/Codes/Image-Classification-using-CNN-on-FPGA/Verilog Modules using Vivado/Matrix Multiplication/Matrix Multiplication.srcs/sources_1/ip/blk_mem_gen_0/blk_mem_gen_0.xci' is already up-to-date
INFO: [Vivado 12-4149] The synthesis checkpoint for IP 'D:/Final_Year_Prject/Codes/Image-Classification-using-CNN-on-FPGA/Verilog Modules using Vivado/Matrix convolution/matrix convolution/matrix convolution.srcs/sources_1/ip/c_counter_binary_0/c_counter_binary_0.xci' is already up-to-date
[Fri Mar 18 21:49:01 2022] Launched impl_1...
Run output will be captured here: D:/Final_Year_Prject/Codes/Image-Classification-using-CNN-on-FPGA/Verilog Modules using Vivado/CNN Top Module/CNN Top Module.runs/impl_1/runme.log
copy_run -name synth_1_copy_1 [get_runs synth_1] 
synth_1_copy_1
set_property part xc7k325tffv900-2 [current_project]
WARNING: [IP_Flow 19-2162] IP 'blk_mem_gen_0' is locked:
* IP definition 'Block Memory Generator (8.4)' for IP 'blk_mem_gen_0' (customized with software release 2017.4) has a different revision in the IP Catalog. * Current project part 'xc7k325tffv900-2' and the part 'xc7k70tfbv676-1' used to customize the IP 'blk_mem_gen_0' do not match.
WARNING: [IP_Flow 19-2162] IP 'c_counter_binary_0' is locked:
* IP definition 'Binary Counter (12.0)' for IP 'c_counter_binary_0' (customized with software release 2017.4) has a different revision in the IP Catalog. * Current project part 'xc7k325tffv900-2' and the part 'xc7k70tfbv676-1' used to customize the IP 'c_counter_binary_0' do not match.
reset_run synth_1
launch_runs impl_1 -jobs 4
WARNING: [Vivado 12-4801] The synthesis checkpoint for IP 'D:/Final_Year_Prject/Codes/Image-Classification-using-CNN-on-FPGA/Verilog Modules using Vivado/Matrix Multiplication/Matrix Multiplication.srcs/sources_1/ip/blk_mem_gen_0/blk_mem_gen_0.xci' is available but stale and the IP is locked. An out-of-context (OOC) run will be created and/or launched, but synthesis may not be able to complete or could result in incorrect behavior.
Please select 'Report IP Status' from the 'Tools/Report' menu or run Tcl command 'report_ip_status' for more information.
WARNING: [Vivado 12-4801] The synthesis checkpoint for IP 'D:/Final_Year_Prject/Codes/Image-Classification-using-CNN-on-FPGA/Verilog Modules using Vivado/Matrix convolution/matrix convolution/matrix convolution.srcs/sources_1/ip/c_counter_binary_0/c_counter_binary_0.xci' is available but stale and the IP is locked. An out-of-context (OOC) run will be created and/or launched, but synthesis may not be able to complete or could result in incorrect behavior.
Please select 'Report IP Status' from the 'Tools/Report' menu or run Tcl command 'report_ip_status' for more information.
WARNING: [Runs 36-337] The following IPs are either missing output products or output products are not up-to-date for Synthesis target. Since these IPs are locked, no update to the output products can be done. 
Please select 'Report IP Status' from the 'Tools/Report' menu or run Tcl command 'report_ip_status' for more information.
D:/Final_Year_Prject/Codes/Image-Classification-using-CNN-on-FPGA/Verilog Modules using Vivado/Matrix Multiplication/Matrix Multiplication.srcs/sources_1/ip/blk_mem_gen_0/blk_mem_gen_0.xci
D:/Final_Year_Prject/Codes/Image-Classification-using-CNN-on-FPGA/Verilog Modules using Vivado/Matrix convolution/matrix convolution/matrix convolution.srcs/sources_1/ip/c_counter_binary_0/c_counter_binary_0.xci

[Fri Mar 18 22:23:38 2022] Launched synth_1...
Run output will be captured here: D:/Final_Year_Prject/Codes/Image-Classification-using-CNN-on-FPGA/Verilog Modules using Vivado/CNN Top Module/CNN Top Module.runs/synth_1/runme.log
[Fri Mar 18 22:23:38 2022] Launched impl_1...
Run output will be captured here: D:/Final_Year_Prject/Codes/Image-Classification-using-CNN-on-FPGA/Verilog Modules using Vivado/CNN Top Module/CNN Top Module.runs/impl_1/runme.log
set_property part xc7k480tffg1156-3 [current_project]
WARNING: [IP_Flow 19-2162] IP 'blk_mem_gen_0' is locked:
* IP definition 'Block Memory Generator (8.4)' for IP 'blk_mem_gen_0' (customized with software release 2017.4) has a different revision in the IP Catalog. * Current project part 'xc7k480tffg1156-3' and the part 'xc7k70tfbv676-1' used to customize the IP 'blk_mem_gen_0' do not match.
WARNING: [IP_Flow 19-2162] IP 'c_counter_binary_0' is locked:
* IP definition 'Binary Counter (12.0)' for IP 'c_counter_binary_0' (customized with software release 2017.4) has a different revision in the IP Catalog. * Current project part 'xc7k480tffg1156-3' and the part 'xc7k70tfbv676-1' used to customize the IP 'c_counter_binary_0' do not match.
reset_run synth_1
launch_runs synth_1 -jobs 4
WARNING: [Vivado 12-4801] The synthesis checkpoint for IP 'D:/Final_Year_Prject/Codes/Image-Classification-using-CNN-on-FPGA/Verilog Modules using Vivado/Matrix Multiplication/Matrix Multiplication.srcs/sources_1/ip/blk_mem_gen_0/blk_mem_gen_0.xci' is available but stale and the IP is locked. An out-of-context (OOC) run will be created and/or launched, but synthesis may not be able to complete or could result in incorrect behavior.
Please select 'Report IP Status' from the 'Tools/Report' menu or run Tcl command 'report_ip_status' for more information.
WARNING: [Vivado 12-4801] The synthesis checkpoint for IP 'D:/Final_Year_Prject/Codes/Image-Classification-using-CNN-on-FPGA/Verilog Modules using Vivado/Matrix convolution/matrix convolution/matrix convolution.srcs/sources_1/ip/c_counter_binary_0/c_counter_binary_0.xci' is available but stale and the IP is locked. An out-of-context (OOC) run will be created and/or launched, but synthesis may not be able to complete or could result in incorrect behavior.
Please select 'Report IP Status' from the 'Tools/Report' menu or run Tcl command 'report_ip_status' for more information.
WARNING: [Runs 36-337] The following IPs are either missing output products or output products are not up-to-date for Synthesis target. Since these IPs are locked, no update to the output products can be done. 
Please select 'Report IP Status' from the 'Tools/Report' menu or run Tcl command 'report_ip_status' for more information.
D:/Final_Year_Prject/Codes/Image-Classification-using-CNN-on-FPGA/Verilog Modules using Vivado/Matrix Multiplication/Matrix Multiplication.srcs/sources_1/ip/blk_mem_gen_0/blk_mem_gen_0.xci
D:/Final_Year_Prject/Codes/Image-Classification-using-CNN-on-FPGA/Verilog Modules using Vivado/Matrix convolution/matrix convolution/matrix convolution.srcs/sources_1/ip/c_counter_binary_0/c_counter_binary_0.xci

[Fri Mar 18 22:24:38 2022] Launched synth_1...
Run output will be captured here: D:/Final_Year_Prject/Codes/Image-Classification-using-CNN-on-FPGA/Verilog Modules using Vivado/CNN Top Module/CNN Top Module.runs/synth_1/runme.log
set_property part xcvu13p_CIV-figd2104-3-e [current_project]
WARNING: [IP_Flow 19-2162] IP 'blk_mem_gen_0' is locked:
* IP definition 'Block Memory Generator (8.4)' for IP 'blk_mem_gen_0' (customized with software release 2017.4) has a different revision in the IP Catalog. * Current project part 'xcvu13p_CIV-figd2104-3-e' and the part 'xc7k70tfbv676-1' used to customize the IP 'blk_mem_gen_0' do not match.
WARNING: [IP_Flow 19-2162] IP 'c_counter_binary_0' is locked:
* IP definition 'Binary Counter (12.0)' for IP 'c_counter_binary_0' (customized with software release 2017.4) has a different revision in the IP Catalog. * Current project part 'xcvu13p_CIV-figd2104-3-e' and the part 'xc7k70tfbv676-1' used to customize the IP 'c_counter_binary_0' do not match.
reset_run synth_1
launch_runs synth_1 -jobs 4
WARNING: [Vivado 12-4801] The synthesis checkpoint for IP 'D:/Final_Year_Prject/Codes/Image-Classification-using-CNN-on-FPGA/Verilog Modules using Vivado/Matrix Multiplication/Matrix Multiplication.srcs/sources_1/ip/blk_mem_gen_0/blk_mem_gen_0.xci' is available but stale and the IP is locked. An out-of-context (OOC) run will be created and/or launched, but synthesis may not be able to complete or could result in incorrect behavior.
Please select 'Report IP Status' from the 'Tools/Report' menu or run Tcl command 'report_ip_status' for more information.
WARNING: [Vivado 12-4801] The synthesis checkpoint for IP 'D:/Final_Year_Prject/Codes/Image-Classification-using-CNN-on-FPGA/Verilog Modules using Vivado/Matrix convolution/matrix convolution/matrix convolution.srcs/sources_1/ip/c_counter_binary_0/c_counter_binary_0.xci' is available but stale and the IP is locked. An out-of-context (OOC) run will be created and/or launched, but synthesis may not be able to complete or could result in incorrect behavior.
Please select 'Report IP Status' from the 'Tools/Report' menu or run Tcl command 'report_ip_status' for more information.
WARNING: [Runs 36-337] The following IPs are either missing output products or output products are not up-to-date for Synthesis target. Since these IPs are locked, no update to the output products can be done. 
Please select 'Report IP Status' from the 'Tools/Report' menu or run Tcl command 'report_ip_status' for more information.
D:/Final_Year_Prject/Codes/Image-Classification-using-CNN-on-FPGA/Verilog Modules using Vivado/Matrix Multiplication/Matrix Multiplication.srcs/sources_1/ip/blk_mem_gen_0/blk_mem_gen_0.xci
D:/Final_Year_Prject/Codes/Image-Classification-using-CNN-on-FPGA/Verilog Modules using Vivado/Matrix convolution/matrix convolution/matrix convolution.srcs/sources_1/ip/c_counter_binary_0/c_counter_binary_0.xci

[Fri Mar 18 22:25:57 2022] Launched synth_1...
Run output will be captured here: D:/Final_Year_Prject/Codes/Image-Classification-using-CNN-on-FPGA/Verilog Modules using Vivado/CNN Top Module/CNN Top Module.runs/synth_1/runme.log
set_property part xc7k70tfbv676-1 [current_project]
WARNING: [IP_Flow 19-2162] IP 'blk_mem_gen_0' is locked:
* IP definition 'Block Memory Generator (8.4)' for IP 'blk_mem_gen_0' (customized with software release 2017.4) has a different revision in the IP Catalog.
WARNING: [IP_Flow 19-2162] IP 'c_counter_binary_0' is locked:
* IP definition 'Binary Counter (12.0)' for IP 'c_counter_binary_0' (customized with software release 2017.4) has a different revision in the IP Catalog.
reset_run synth_1
launch_runs synth_1 -jobs 4
INFO: [Vivado 12-4149] The synthesis checkpoint for IP 'D:/Final_Year_Prject/Codes/Image-Classification-using-CNN-on-FPGA/Verilog Modules using Vivado/Matrix Multiplication/Matrix Multiplication.srcs/sources_1/ip/blk_mem_gen_0/blk_mem_gen_0.xci' is already up-to-date
INFO: [Vivado 12-4149] The synthesis checkpoint for IP 'D:/Final_Year_Prject/Codes/Image-Classification-using-CNN-on-FPGA/Verilog Modules using Vivado/Matrix convolution/matrix convolution/matrix convolution.srcs/sources_1/ip/c_counter_binary_0/c_counter_binary_0.xci' is already up-to-date
[Fri Mar 18 22:27:58 2022] Launched synth_1...
Run output will be captured here: D:/Final_Year_Prject/Codes/Image-Classification-using-CNN-on-FPGA/Verilog Modules using Vivado/CNN Top Module/CNN Top Module.runs/synth_1/runme.log
launch_runs impl_1 -jobs 4
INFO: [Vivado 12-4149] The synthesis checkpoint for IP 'D:/Final_Year_Prject/Codes/Image-Classification-using-CNN-on-FPGA/Verilog Modules using Vivado/Matrix Multiplication/Matrix Multiplication.srcs/sources_1/ip/blk_mem_gen_0/blk_mem_gen_0.xci' is already up-to-date
INFO: [Vivado 12-4149] The synthesis checkpoint for IP 'D:/Final_Year_Prject/Codes/Image-Classification-using-CNN-on-FPGA/Verilog Modules using Vivado/Matrix convolution/matrix convolution/matrix convolution.srcs/sources_1/ip/c_counter_binary_0/c_counter_binary_0.xci' is already up-to-date
[Fri Mar 18 22:29:34 2022] Launched impl_1...
Run output will be captured here: D:/Final_Year_Prject/Codes/Image-Classification-using-CNN-on-FPGA/Verilog Modules using Vivado/CNN Top Module/CNN Top Module.runs/impl_1/runme.log
copy_run -name synth_1_copy_2 [get_runs synth_1] 
synth_1_copy_2
set_property part xazu5ev-sfvc784-1Q-q [current_project]
WARNING: [IP_Flow 19-2162] IP 'blk_mem_gen_0' is locked:
* IP definition 'Block Memory Generator (8.4)' for IP 'blk_mem_gen_0' (customized with software release 2017.4) has a different revision in the IP Catalog. * Current project part 'xazu5ev-sfvc784-1Q-q' and the part 'xc7k70tfbv676-1' used to customize the IP 'blk_mem_gen_0' do not match.
WARNING: [IP_Flow 19-2162] IP 'c_counter_binary_0' is locked:
* IP definition 'Binary Counter (12.0)' for IP 'c_counter_binary_0' (customized with software release 2017.4) has a different revision in the IP Catalog. * Current project part 'xazu5ev-sfvc784-1Q-q' and the part 'xc7k70tfbv676-1' used to customize the IP 'c_counter_binary_0' do not match.
reset_run synth_1
launch_runs synth_1 -jobs 4
WARNING: [Vivado 12-4801] The synthesis checkpoint for IP 'D:/Final_Year_Prject/Codes/Image-Classification-using-CNN-on-FPGA/Verilog Modules using Vivado/Matrix Multiplication/Matrix Multiplication.srcs/sources_1/ip/blk_mem_gen_0/blk_mem_gen_0.xci' is available but stale and the IP is locked. An out-of-context (OOC) run will be created and/or launched, but synthesis may not be able to complete or could result in incorrect behavior.
Please select 'Report IP Status' from the 'Tools/Report' menu or run Tcl command 'report_ip_status' for more information.
WARNING: [Vivado 12-4801] The synthesis checkpoint for IP 'D:/Final_Year_Prject/Codes/Image-Classification-using-CNN-on-FPGA/Verilog Modules using Vivado/Matrix convolution/matrix convolution/matrix convolution.srcs/sources_1/ip/c_counter_binary_0/c_counter_binary_0.xci' is available but stale and the IP is locked. An out-of-context (OOC) run will be created and/or launched, but synthesis may not be able to complete or could result in incorrect behavior.
Please select 'Report IP Status' from the 'Tools/Report' menu or run Tcl command 'report_ip_status' for more information.
WARNING: [Runs 36-337] The following IPs are either missing output products or output products are not up-to-date for Synthesis target. Since these IPs are locked, no update to the output products can be done. 
Please select 'Report IP Status' from the 'Tools/Report' menu or run Tcl command 'report_ip_status' for more information.
D:/Final_Year_Prject/Codes/Image-Classification-using-CNN-on-FPGA/Verilog Modules using Vivado/Matrix Multiplication/Matrix Multiplication.srcs/sources_1/ip/blk_mem_gen_0/blk_mem_gen_0.xci
D:/Final_Year_Prject/Codes/Image-Classification-using-CNN-on-FPGA/Verilog Modules using Vivado/Matrix convolution/matrix convolution/matrix convolution.srcs/sources_1/ip/c_counter_binary_0/c_counter_binary_0.xci

[Fri Mar 18 22:53:11 2022] Launched synth_1...
Run output will be captured here: D:/Final_Year_Prject/Codes/Image-Classification-using-CNN-on-FPGA/Verilog Modules using Vivado/CNN Top Module/CNN Top Module.runs/synth_1/runme.log
launch_runs impl_1 -jobs 4
WARNING: [Vivado 12-4801] The synthesis checkpoint for IP 'D:/Final_Year_Prject/Codes/Image-Classification-using-CNN-on-FPGA/Verilog Modules using Vivado/Matrix Multiplication/Matrix Multiplication.srcs/sources_1/ip/blk_mem_gen_0/blk_mem_gen_0.xci' is available but stale and the IP is locked. An out-of-context (OOC) run will be created and/or launched, but synthesis may not be able to complete or could result in incorrect behavior.
Please select 'Report IP Status' from the 'Tools/Report' menu or run Tcl command 'report_ip_status' for more information.
WARNING: [Vivado 12-4801] The synthesis checkpoint for IP 'D:/Final_Year_Prject/Codes/Image-Classification-using-CNN-on-FPGA/Verilog Modules using Vivado/Matrix convolution/matrix convolution/matrix convolution.srcs/sources_1/ip/c_counter_binary_0/c_counter_binary_0.xci' is available but stale and the IP is locked. An out-of-context (OOC) run will be created and/or launched, but synthesis may not be able to complete or could result in incorrect behavior.
Please select 'Report IP Status' from the 'Tools/Report' menu or run Tcl command 'report_ip_status' for more information.
[Fri Mar 18 22:55:17 2022] Launched impl_1...
Run output will be captured here: D:/Final_Year_Prject/Codes/Image-Classification-using-CNN-on-FPGA/Verilog Modules using Vivado/CNN Top Module/CNN Top Module.runs/impl_1/runme.log
copy_run -name synth_1_copy_3 [get_runs synth_1] 
synth_1_copy_3
set_property part xazu11eg-ffvf1517-1-i [current_project]
WARNING: [IP_Flow 19-2162] IP 'blk_mem_gen_0' is locked:
* IP definition 'Block Memory Generator (8.4)' for IP 'blk_mem_gen_0' (customized with software release 2017.4) has a different revision in the IP Catalog. * Current project part 'xazu11eg-ffvf1517-1-i' and the part 'xc7k70tfbv676-1' used to customize the IP 'blk_mem_gen_0' do not match.
WARNING: [IP_Flow 19-2162] IP 'c_counter_binary_0' is locked:
* IP definition 'Binary Counter (12.0)' for IP 'c_counter_binary_0' (customized with software release 2017.4) has a different revision in the IP Catalog. * Current project part 'xazu11eg-ffvf1517-1-i' and the part 'xc7k70tfbv676-1' used to customize the IP 'c_counter_binary_0' do not match.
reset_run synth_1
launch_runs synth_1 -jobs 4
WARNING: [Vivado 12-4801] The synthesis checkpoint for IP 'D:/Final_Year_Prject/Codes/Image-Classification-using-CNN-on-FPGA/Verilog Modules using Vivado/Matrix Multiplication/Matrix Multiplication.srcs/sources_1/ip/blk_mem_gen_0/blk_mem_gen_0.xci' is available but stale and the IP is locked. An out-of-context (OOC) run will be created and/or launched, but synthesis may not be able to complete or could result in incorrect behavior.
Please select 'Report IP Status' from the 'Tools/Report' menu or run Tcl command 'report_ip_status' for more information.
WARNING: [Vivado 12-4801] The synthesis checkpoint for IP 'D:/Final_Year_Prject/Codes/Image-Classification-using-CNN-on-FPGA/Verilog Modules using Vivado/Matrix convolution/matrix convolution/matrix convolution.srcs/sources_1/ip/c_counter_binary_0/c_counter_binary_0.xci' is available but stale and the IP is locked. An out-of-context (OOC) run will be created and/or launched, but synthesis may not be able to complete or could result in incorrect behavior.
Please select 'Report IP Status' from the 'Tools/Report' menu or run Tcl command 'report_ip_status' for more information.
WARNING: [Runs 36-337] The following IPs are either missing output products or output products are not up-to-date for Synthesis target. Since these IPs are locked, no update to the output products can be done. 
Please select 'Report IP Status' from the 'Tools/Report' menu or run Tcl command 'report_ip_status' for more information.
D:/Final_Year_Prject/Codes/Image-Classification-using-CNN-on-FPGA/Verilog Modules using Vivado/Matrix Multiplication/Matrix Multiplication.srcs/sources_1/ip/blk_mem_gen_0/blk_mem_gen_0.xci
D:/Final_Year_Prject/Codes/Image-Classification-using-CNN-on-FPGA/Verilog Modules using Vivado/Matrix convolution/matrix convolution/matrix convolution.srcs/sources_1/ip/c_counter_binary_0/c_counter_binary_0.xci

[Fri Mar 18 22:58:52 2022] Launched synth_1...
Run output will be captured here: D:/Final_Year_Prject/Codes/Image-Classification-using-CNN-on-FPGA/Verilog Modules using Vivado/CNN Top Module/CNN Top Module.runs/synth_1/runme.log
set_property part xc7a200tffg1156-3 [current_project]
WARNING: [IP_Flow 19-2162] IP 'blk_mem_gen_0' is locked:
* IP definition 'Block Memory Generator (8.4)' for IP 'blk_mem_gen_0' (customized with software release 2017.4) has a different revision in the IP Catalog. * Current project part 'xc7a200tffg1156-3' and the part 'xc7k70tfbv676-1' used to customize the IP 'blk_mem_gen_0' do not match.
WARNING: [IP_Flow 19-2162] IP 'c_counter_binary_0' is locked:
* IP definition 'Binary Counter (12.0)' for IP 'c_counter_binary_0' (customized with software release 2017.4) has a different revision in the IP Catalog. * Current project part 'xc7a200tffg1156-3' and the part 'xc7k70tfbv676-1' used to customize the IP 'c_counter_binary_0' do not match.
reset_run synth_1
launch_runs synth_1 -jobs 4
WARNING: [Vivado 12-4801] The synthesis checkpoint for IP 'D:/Final_Year_Prject/Codes/Image-Classification-using-CNN-on-FPGA/Verilog Modules using Vivado/Matrix Multiplication/Matrix Multiplication.srcs/sources_1/ip/blk_mem_gen_0/blk_mem_gen_0.xci' is available but stale and the IP is locked. An out-of-context (OOC) run will be created and/or launched, but synthesis may not be able to complete or could result in incorrect behavior.
Please select 'Report IP Status' from the 'Tools/Report' menu or run Tcl command 'report_ip_status' for more information.
WARNING: [Vivado 12-4801] The synthesis checkpoint for IP 'D:/Final_Year_Prject/Codes/Image-Classification-using-CNN-on-FPGA/Verilog Modules using Vivado/Matrix convolution/matrix convolution/matrix convolution.srcs/sources_1/ip/c_counter_binary_0/c_counter_binary_0.xci' is available but stale and the IP is locked. An out-of-context (OOC) run will be created and/or launched, but synthesis may not be able to complete or could result in incorrect behavior.
Please select 'Report IP Status' from the 'Tools/Report' menu or run Tcl command 'report_ip_status' for more information.
WARNING: [Runs 36-337] The following IPs are either missing output products or output products are not up-to-date for Synthesis target. Since these IPs are locked, no update to the output products can be done. 
Please select 'Report IP Status' from the 'Tools/Report' menu or run Tcl command 'report_ip_status' for more information.
D:/Final_Year_Prject/Codes/Image-Classification-using-CNN-on-FPGA/Verilog Modules using Vivado/Matrix Multiplication/Matrix Multiplication.srcs/sources_1/ip/blk_mem_gen_0/blk_mem_gen_0.xci
D:/Final_Year_Prject/Codes/Image-Classification-using-CNN-on-FPGA/Verilog Modules using Vivado/Matrix convolution/matrix convolution/matrix convolution.srcs/sources_1/ip/c_counter_binary_0/c_counter_binary_0.xci

[Fri Mar 18 23:00:36 2022] Launched synth_1...
Run output will be captured here: D:/Final_Year_Prject/Codes/Image-Classification-using-CNN-on-FPGA/Verilog Modules using Vivado/CNN Top Module/CNN Top Module.runs/synth_1/runme.log
launch_runs impl_1 -jobs 4
WARNING: [Vivado 12-4801] The synthesis checkpoint for IP 'D:/Final_Year_Prject/Codes/Image-Classification-using-CNN-on-FPGA/Verilog Modules using Vivado/Matrix Multiplication/Matrix Multiplication.srcs/sources_1/ip/blk_mem_gen_0/blk_mem_gen_0.xci' is available but stale and the IP is locked. An out-of-context (OOC) run will be created and/or launched, but synthesis may not be able to complete or could result in incorrect behavior.
Please select 'Report IP Status' from the 'Tools/Report' menu or run Tcl command 'report_ip_status' for more information.
WARNING: [Vivado 12-4801] The synthesis checkpoint for IP 'D:/Final_Year_Prject/Codes/Image-Classification-using-CNN-on-FPGA/Verilog Modules using Vivado/Matrix convolution/matrix convolution/matrix convolution.srcs/sources_1/ip/c_counter_binary_0/c_counter_binary_0.xci' is available but stale and the IP is locked. An out-of-context (OOC) run will be created and/or launched, but synthesis may not be able to complete or could result in incorrect behavior.
Please select 'Report IP Status' from the 'Tools/Report' menu or run Tcl command 'report_ip_status' for more information.
[Fri Mar 18 23:02:16 2022] Launched impl_1...
Run output will be captured here: D:/Final_Year_Prject/Codes/Image-Classification-using-CNN-on-FPGA/Verilog Modules using Vivado/CNN Top Module/CNN Top Module.runs/impl_1/runme.log
open_run impl_1
INFO: [Device 21-403] Loading part xc7a200tffg1156-3
Netlist sorting complete. Time (s): cpu = 00:00:00 ; elapsed = 00:00:00.188 . Memory (MB): peak = 1554.688 ; gain = 0.000
INFO: [Netlist 29-17] Analyzing 225 Unisim elements for replacement
INFO: [Netlist 29-28] Unisim Transformation completed in 0 CPU seconds
INFO: [Project 1-479] Netlist was created with Vivado 2020.2
INFO: [Project 1-570] Preparing netlist for logic optimization
Reading XDEF placement.
Reading placer database...
Reading XDEF routing.
Read XDEF File: Time (s): cpu = 00:00:01 ; elapsed = 00:00:00.487 . Memory (MB): peak = 1663.219 ; gain = 5.125
Restored from archive | CPU: 1.000000 secs | Memory: 0.000000 MB |
Finished XDEF File Restore: Time (s): cpu = 00:00:01 ; elapsed = 00:00:00.488 . Memory (MB): peak = 1663.219 ; gain = 5.125
Netlist sorting complete. Time (s): cpu = 00:00:00 ; elapsed = 00:00:00.003 . Memory (MB): peak = 2086.465 ; gain = 0.000
INFO: [Project 1-111] Unisim Transformation Summary:
No Unisim elements were transformed.

open_run: Time (s): cpu = 00:00:44 ; elapsed = 00:00:35 . Memory (MB): peak = 2248.973 ; gain = 1018.625
open_report: Time (s): cpu = 00:00:14 ; elapsed = 00:00:06 . Memory (MB): peak = 2310.859 ; gain = 54.266
WARNING: [Timing 38-313] There are no user specified timing constraints. Timing constraints are needed for proper timing analysis.
show_objects -name area [get_cells -hierarchical -filter { PRIMITIVE_TYPE =~ BMEM.*.* } ]
exit
INFO: [Common 17-206] Exiting Vivado at Fri Mar 18 23:12:28 2022...
