#-----------------------------------------------------------
# Vivado v2020.2 (64-bit)
# SW Build 3064766 on Wed Nov 18 09:12:45 MST 2020
# IP Build 3064653 on Wed Nov 18 14:17:31 MST 2020
# Start of session at: Fri Jun 24 10:33:24 2022
# Process ID: 1720
# Current directory: D:/Final_Year_Prject/Codes/Image-Classification-using-CNN-on-FPGA/Verilog Modules using Vivado/CNN Top Module
# Command line: vivado.exe -gui_launcher_event rodinguilauncherevent10848 D:\Final_Year_Prject\Codes\Image-Classification-using-CNN-on-FPGA\Verilog Modules using Vivado\CNN Top Module\CNN Top Module.xpr
# Log file: D:/Final_Year_Prject/Codes/Image-Classification-using-CNN-on-FPGA/Verilog Modules using Vivado/CNN Top Module/vivado.log
# Journal file: D:/Final_Year_Prject/Codes/Image-Classification-using-CNN-on-FPGA/Verilog Modules using Vivado/CNN Top Module\vivado.jou
#-----------------------------------------------------------
start_gui
open_project {D:/Final_Year_Prject/Codes/Image-Classification-using-CNN-on-FPGA/Verilog Modules using Vivado/CNN Top Module/CNN Top Module.xpr}
INFO: [ProjectBase 1-489] The host OS only allows 260 characters in a normal path. The project is stored in a path with more than 80 characters. If you experience issues with IP, Block Designs, or files not being found, please consider moving the project to a location with a shorter path. Alternately consider using the OS subst command to map part of the path to a drive letter.
Current project path is 'D:/Final_Year_Prject/Codes/Image-Classification-using-CNN-on-FPGA/Verilog Modules using Vivado/CNN Top Module'
Scanning sources...
Finished scanning sources
INFO: [IP_Flow 19-234] Refreshing IP repositories
INFO: [IP_Flow 19-1704] No user IP repositories specified
INFO: [IP_Flow 19-2313] Loaded Vivado IP repository 'D:/xilinx/Vivado/2020.2/data/ip'.
WARNING: [IP_Flow 19-2162] IP 'blk_mem_gen_0' is locked:
* IP definition 'Block Memory Generator (8.4)' for IP 'blk_mem_gen_0' (customized with software release 2017.4) has a different revision in the IP Catalog. * Current project part 'xc7a200tffg1156-3' and the part 'xc7k70tfbv676-1' used to customize the IP 'blk_mem_gen_0' do not match.
WARNING: [IP_Flow 19-2162] IP 'c_counter_binary_0' is locked:
* IP definition 'Binary Counter (12.0)' for IP 'c_counter_binary_0' (customized with software release 2017.4) has a different revision in the IP Catalog. * Current project part 'xc7a200tffg1156-3' and the part 'xc7k70tfbv676-1' used to customize the IP 'c_counter_binary_0' do not match.
open_project: Time (s): cpu = 00:00:19 ; elapsed = 00:00:09 . Memory (MB): peak = 1106.477 ; gain = 0.000
update_compile_order -fileset sources_1
exit
INFO: [Common 17-206] Exiting Vivado at Thu Jul  7 21:31:49 2022...
