
*** Running vivado
    with args -log slide_window_conv.vds -m64 -product Vivado -mode batch -messageDb vivado.pb -notrace -source slide_window_conv.tcl



****** Vivado v2020.2 (64-bit)
  **** SW Build 3064766 on Wed Nov 18 09:12:45 MST 2020
  **** IP Build 3064653 on Wed Nov 18 14:17:31 MST 2020
    ** Copyright 1986-2020 Xilinx, Inc. All Rights Reserved.

source slide_window_conv.tcl -notrace
create_project: Time (s): cpu = 00:00:04 ; elapsed = 00:00:05 . Memory (MB): peak = 1102.098 ; gain = 0.000
Command: synth_design -top slide_window_conv -part xc7a200tiffg1156-1L
Starting synth_design
WARNING: [Vivado_Tcl 4-393] The 'Synthesis' target of the following IPs are stale, please generate the output products using the generate_target or synth_ip command before running synth_design.
D:/Final_Year_Prject/Codes/Image-Classification-using-CNN-on-FPGA/Verilog Modules using Vivado/Matrix Multiplication/Matrix Multiplication.srcs/sources_1/ip/blk_mem_gen_0/blk_mem_gen_0.xci
D:/Final_Year_Prject/Codes/Image-Classification-using-CNN-on-FPGA/Verilog Modules using Vivado/Matrix convolution/matrix convolution/matrix convolution.srcs/sources_1/ip/c_counter_binary_0/c_counter_binary_0.xci

INFO: [IP_Flow 19-2162] IP 'blk_mem_gen_0' is locked:
* IP definition 'Block Memory Generator (8.4)' for IP 'blk_mem_gen_0' (customized with software release 2017.4) has a different revision in the IP Catalog. * Current project part 'xc7a200tiffg1156-1L' and the part 'xc7k70tfbv676-1' used to customize the IP 'blk_mem_gen_0' do not match.
INFO: [IP_Flow 19-2162] IP 'c_counter_binary_0' is locked:
* IP definition 'Binary Counter (12.0)' for IP 'c_counter_binary_0' (customized with software release 2017.4) has a different revision in the IP Catalog. * Current project part 'xc7a200tiffg1156-1L' and the part 'xc7k70tfbv676-1' used to customize the IP 'c_counter_binary_0' do not match.
Attempting to get a license for feature 'Synthesis' and/or device 'xc7a200ti'
INFO: [Common 17-349] Got license for feature 'Synthesis' and/or device 'xc7a200ti'
INFO: [Device 21-403] Loading part xc7a200tiffg1156-1L
INFO: [Synth 8-7079] Multithreading enabled for synth_design using a maximum of 2 processes.
INFO: [Synth 8-7078] Launching helper process for spawning children vivado processes
INFO: [Synth 8-7075] Helper process launched with PID 12152
WARNING: [Synth 8-2507] parameter declaration becomes local in mux_g with formal parameter declaration list [D:/Final_Year_Prject/Codes/Image-Classification-using-CNN-on-FPGA/Verilog Modules using Vivado/mux_generic/mux_generic.srcs/sources_1/new/mux_g.v:29]
WARNING: [Synth 8-2507] parameter declaration becomes local in slide_window_conv with formal parameter declaration list [D:/Final_Year_Prject/Codes/Image-Classification-using-CNN-on-FPGA/Verilog Modules using Vivado/Sliding Window Convolution/Sliding Window Convolution.srcs/sources_1/new/slide_window_conv.v:28]
WARNING: [Synth 8-2507] parameter declaration becomes local in slide_window_conv with formal parameter declaration list [D:/Final_Year_Prject/Codes/Image-Classification-using-CNN-on-FPGA/Verilog Modules using Vivado/Sliding Window Convolution/Sliding Window Convolution.srcs/sources_1/new/slide_window_conv.v:29]
WARNING: [Synth 8-2507] parameter declaration becomes local in slide_window_conv with formal parameter declaration list [D:/Final_Year_Prject/Codes/Image-Classification-using-CNN-on-FPGA/Verilog Modules using Vivado/Sliding Window Convolution/Sliding Window Convolution.srcs/sources_1/new/slide_window_conv.v:30]
---------------------------------------------------------------------------------
Starting RTL Elaboration : Time (s): cpu = 00:00:06 ; elapsed = 00:00:07 . Memory (MB): peak = 1165.078 ; gain = 62.980
---------------------------------------------------------------------------------
INFO: [Synth 8-6157] synthesizing module 'slide_window_conv' [D:/Final_Year_Prject/Codes/Image-Classification-using-CNN-on-FPGA/Verilog Modules using Vivado/Sliding Window Convolution/Sliding Window Convolution.srcs/sources_1/new/slide_window_conv.v:22]
	Parameter In_d_W bound to: 8 - type: integer 
	Parameter In_Add_W bound to: 4 - type: integer 
	Parameter R_N bound to: 5 - type: integer 
	Parameter C_N bound to: 5 - type: integer 
	Parameter R_F bound to: 3 - type: integer 
	Parameter C_F bound to: 3 - type: integer 
	Parameter P bound to: 0 - type: integer 
	Parameter S bound to: 1 - type: integer 
	Parameter Timeperiod bound to: 10 - type: integer 
	Parameter R_O bound to: 3 - type: integer 
	Parameter C_O bound to: 3 - type: integer 
	Parameter Out_d_W bound to: 18 - type: integer 
INFO: [Synth 8-6157] synthesizing module 'conv' [D:/Final_Year_Prject/Codes/Image-Classification-using-CNN-on-FPGA/Verilog Modules using Vivado/Matrix convolution/matrix convolution/matrix convolution.srcs/sources_1/new/conv.v:23]
	Parameter In_d_W bound to: 8 - type: integer 
	Parameter R bound to: 3 - type: integer 
	Parameter C bound to: 3 - type: integer 
	Parameter In_Add_W bound to: 4 - type: integer 
	Parameter Timeperiod bound to: 10 - type: integer 
INFO: [Synth 8-6157] synthesizing module 'c_counter_binary_0' [D:/Final_Year_Prject/Codes/Image-Classification-using-CNN-on-FPGA/Verilog Modules using Vivado/Sliding Window Convolution/Sliding Window Convolution.runs/synth_1/.Xil/Vivado-13344-Suprabhu/realtime/c_counter_binary_0_stub.v:6]
INFO: [Synth 8-6155] done synthesizing module 'c_counter_binary_0' (1#1) [D:/Final_Year_Prject/Codes/Image-Classification-using-CNN-on-FPGA/Verilog Modules using Vivado/Sliding Window Convolution/Sliding Window Convolution.runs/synth_1/.Xil/Vivado-13344-Suprabhu/realtime/c_counter_binary_0_stub.v:6]
INFO: [Synth 8-6157] synthesizing module 'mux_g' [D:/Final_Year_Prject/Codes/Image-Classification-using-CNN-on-FPGA/Verilog Modules using Vivado/mux_generic/mux_generic.srcs/sources_1/new/mux_g.v:23]
	Parameter In_d_W bound to: 128 - type: integer 
	Parameter S_W bound to: 4 - type: integer 
	Parameter Out_d_W bound to: 8 - type: integer 
INFO: [Synth 8-6155] done synthesizing module 'mux_g' (2#1) [D:/Final_Year_Prject/Codes/Image-Classification-using-CNN-on-FPGA/Verilog Modules using Vivado/mux_generic/mux_generic.srcs/sources_1/new/mux_g.v:23]
INFO: [Synth 8-6157] synthesizing module 'matrix_multiplier' [D:/Final_Year_Prject/Codes/Image-Classification-using-CNN-on-FPGA/Verilog Modules using Vivado/Matrix Multiplication/Matrix Multiplication.srcs/sources_1/new/matrix_multiplier.v:22]
	Parameter In_W bound to: 8 - type: integer 
	Parameter In_D_Add_W bound to: 4 - type: integer 
	Parameter In_Items bound to: 9 - type: integer 
	Parameter Timeperiod bound to: 10 - type: integer 
INFO: [Synth 8-6157] synthesizing module 'blk_mem_gen_0' [D:/Final_Year_Prject/Codes/Image-Classification-using-CNN-on-FPGA/Verilog Modules using Vivado/Sliding Window Convolution/Sliding Window Convolution.runs/synth_1/.Xil/Vivado-13344-Suprabhu/realtime/blk_mem_gen_0_stub.v:6]
INFO: [Synth 8-6155] done synthesizing module 'blk_mem_gen_0' (3#1) [D:/Final_Year_Prject/Codes/Image-Classification-using-CNN-on-FPGA/Verilog Modules using Vivado/Sliding Window Convolution/Sliding Window Convolution.runs/synth_1/.Xil/Vivado-13344-Suprabhu/realtime/blk_mem_gen_0_stub.v:6]
INFO: [Synth 8-6157] synthesizing module 'mac_generic' [D:/Final_Year_Prject/Codes/Image-Classification-using-CNN-on-FPGA/Verilog Modules using Vivado/generic mac/generic mac.srcs/sources_1/new/mac_generic.v:22]
	Parameter I_W bound to: 8 - type: integer 
INFO: [Synth 8-6155] done synthesizing module 'mac_generic' (4#1) [D:/Final_Year_Prject/Codes/Image-Classification-using-CNN-on-FPGA/Verilog Modules using Vivado/generic mac/generic mac.srcs/sources_1/new/mac_generic.v:22]
INFO: [Synth 8-6155] done synthesizing module 'matrix_multiplier' (5#1) [D:/Final_Year_Prject/Codes/Image-Classification-using-CNN-on-FPGA/Verilog Modules using Vivado/Matrix Multiplication/Matrix Multiplication.srcs/sources_1/new/matrix_multiplier.v:22]
INFO: [Synth 8-6155] done synthesizing module 'conv' (6#1) [D:/Final_Year_Prject/Codes/Image-Classification-using-CNN-on-FPGA/Verilog Modules using Vivado/Matrix convolution/matrix convolution/matrix convolution.srcs/sources_1/new/conv.v:23]
INFO: [Synth 8-6155] done synthesizing module 'slide_window_conv' (7#1) [D:/Final_Year_Prject/Codes/Image-Classification-using-CNN-on-FPGA/Verilog Modules using Vivado/Sliding Window Convolution/Sliding Window Convolution.srcs/sources_1/new/slide_window_conv.v:22]
---------------------------------------------------------------------------------
Finished RTL Elaboration : Time (s): cpu = 00:00:08 ; elapsed = 00:00:10 . Memory (MB): peak = 1220.559 ; gain = 118.461
---------------------------------------------------------------------------------
---------------------------------------------------------------------------------
Start Handling Custom Attributes
---------------------------------------------------------------------------------
---------------------------------------------------------------------------------
Finished Handling Custom Attributes : Time (s): cpu = 00:00:09 ; elapsed = 00:00:11 . Memory (MB): peak = 1220.559 ; gain = 118.461
---------------------------------------------------------------------------------
---------------------------------------------------------------------------------
Finished RTL Optimization Phase 1 : Time (s): cpu = 00:00:09 ; elapsed = 00:00:11 . Memory (MB): peak = 1220.559 ; gain = 118.461
---------------------------------------------------------------------------------
Netlist sorting complete. Time (s): cpu = 00:00:00 ; elapsed = 00:00:00.125 . Memory (MB): peak = 1220.559 ; gain = 0.000
INFO: [Project 1-570] Preparing netlist for logic optimization

Processing XDC Constraints
Initializing timing engine
Parsing XDC File [d:/Final_Year_Prject/Codes/Image-Classification-using-CNN-on-FPGA/Verilog Modules using Vivado/Matrix Multiplication/Matrix Multiplication.srcs/sources_1/ip/blk_mem_gen_0/blk_mem_gen_0/blk_mem_gen_0_in_context.xdc] for cell 'genblk4[0].CV/DUT/ROW'
Finished Parsing XDC File [d:/Final_Year_Prject/Codes/Image-Classification-using-CNN-on-FPGA/Verilog Modules using Vivado/Matrix Multiplication/Matrix Multiplication.srcs/sources_1/ip/blk_mem_gen_0/blk_mem_gen_0/blk_mem_gen_0_in_context.xdc] for cell 'genblk4[0].CV/DUT/ROW'
Parsing XDC File [d:/Final_Year_Prject/Codes/Image-Classification-using-CNN-on-FPGA/Verilog Modules using Vivado/Matrix Multiplication/Matrix Multiplication.srcs/sources_1/ip/blk_mem_gen_0/blk_mem_gen_0/blk_mem_gen_0_in_context.xdc] for cell 'genblk4[0].CV/DUT/COLUMN'
Finished Parsing XDC File [d:/Final_Year_Prject/Codes/Image-Classification-using-CNN-on-FPGA/Verilog Modules using Vivado/Matrix Multiplication/Matrix Multiplication.srcs/sources_1/ip/blk_mem_gen_0/blk_mem_gen_0/blk_mem_gen_0_in_context.xdc] for cell 'genblk4[0].CV/DUT/COLUMN'
Parsing XDC File [d:/Final_Year_Prject/Codes/Image-Classification-using-CNN-on-FPGA/Verilog Modules using Vivado/Matrix Multiplication/Matrix Multiplication.srcs/sources_1/ip/blk_mem_gen_0/blk_mem_gen_0/blk_mem_gen_0_in_context.xdc] for cell 'genblk4[1].CV/DUT/ROW'
Finished Parsing XDC File [d:/Final_Year_Prject/Codes/Image-Classification-using-CNN-on-FPGA/Verilog Modules using Vivado/Matrix Multiplication/Matrix Multiplication.srcs/sources_1/ip/blk_mem_gen_0/blk_mem_gen_0/blk_mem_gen_0_in_context.xdc] for cell 'genblk4[1].CV/DUT/ROW'
Parsing XDC File [d:/Final_Year_Prject/Codes/Image-Classification-using-CNN-on-FPGA/Verilog Modules using Vivado/Matrix Multiplication/Matrix Multiplication.srcs/sources_1/ip/blk_mem_gen_0/blk_mem_gen_0/blk_mem_gen_0_in_context.xdc] for cell 'genblk4[1].CV/DUT/COLUMN'
Finished Parsing XDC File [d:/Final_Year_Prject/Codes/Image-Classification-using-CNN-on-FPGA/Verilog Modules using Vivado/Matrix Multiplication/Matrix Multiplication.srcs/sources_1/ip/blk_mem_gen_0/blk_mem_gen_0/blk_mem_gen_0_in_context.xdc] for cell 'genblk4[1].CV/DUT/COLUMN'
Parsing XDC File [d:/Final_Year_Prject/Codes/Image-Classification-using-CNN-on-FPGA/Verilog Modules using Vivado/Matrix Multiplication/Matrix Multiplication.srcs/sources_1/ip/blk_mem_gen_0/blk_mem_gen_0/blk_mem_gen_0_in_context.xdc] for cell 'genblk4[2].CV/DUT/ROW'
Finished Parsing XDC File [d:/Final_Year_Prject/Codes/Image-Classification-using-CNN-on-FPGA/Verilog Modules using Vivado/Matrix Multiplication/Matrix Multiplication.srcs/sources_1/ip/blk_mem_gen_0/blk_mem_gen_0/blk_mem_gen_0_in_context.xdc] for cell 'genblk4[2].CV/DUT/ROW'
Parsing XDC File [d:/Final_Year_Prject/Codes/Image-Classification-using-CNN-on-FPGA/Verilog Modules using Vivado/Matrix Multiplication/Matrix Multiplication.srcs/sources_1/ip/blk_mem_gen_0/blk_mem_gen_0/blk_mem_gen_0_in_context.xdc] for cell 'genblk4[2].CV/DUT/COLUMN'
Finished Parsing XDC File [d:/Final_Year_Prject/Codes/Image-Classification-using-CNN-on-FPGA/Verilog Modules using Vivado/Matrix Multiplication/Matrix Multiplication.srcs/sources_1/ip/blk_mem_gen_0/blk_mem_gen_0/blk_mem_gen_0_in_context.xdc] for cell 'genblk4[2].CV/DUT/COLUMN'
Parsing XDC File [d:/Final_Year_Prject/Codes/Image-Classification-using-CNN-on-FPGA/Verilog Modules using Vivado/Matrix Multiplication/Matrix Multiplication.srcs/sources_1/ip/blk_mem_gen_0/blk_mem_gen_0/blk_mem_gen_0_in_context.xdc] for cell 'genblk4[3].CV/DUT/ROW'
Finished Parsing XDC File [d:/Final_Year_Prject/Codes/Image-Classification-using-CNN-on-FPGA/Verilog Modules using Vivado/Matrix Multiplication/Matrix Multiplication.srcs/sources_1/ip/blk_mem_gen_0/blk_mem_gen_0/blk_mem_gen_0_in_context.xdc] for cell 'genblk4[3].CV/DUT/ROW'
Parsing XDC File [d:/Final_Year_Prject/Codes/Image-Classification-using-CNN-on-FPGA/Verilog Modules using Vivado/Matrix Multiplication/Matrix Multiplication.srcs/sources_1/ip/blk_mem_gen_0/blk_mem_gen_0/blk_mem_gen_0_in_context.xdc] for cell 'genblk4[3].CV/DUT/COLUMN'
Finished Parsing XDC File [d:/Final_Year_Prject/Codes/Image-Classification-using-CNN-on-FPGA/Verilog Modules using Vivado/Matrix Multiplication/Matrix Multiplication.srcs/sources_1/ip/blk_mem_gen_0/blk_mem_gen_0/blk_mem_gen_0_in_context.xdc] for cell 'genblk4[3].CV/DUT/COLUMN'
Parsing XDC File [d:/Final_Year_Prject/Codes/Image-Classification-using-CNN-on-FPGA/Verilog Modules using Vivado/Matrix Multiplication/Matrix Multiplication.srcs/sources_1/ip/blk_mem_gen_0/blk_mem_gen_0/blk_mem_gen_0_in_context.xdc] for cell 'genblk4[4].CV/DUT/ROW'
Finished Parsing XDC File [d:/Final_Year_Prject/Codes/Image-Classification-using-CNN-on-FPGA/Verilog Modules using Vivado/Matrix Multiplication/Matrix Multiplication.srcs/sources_1/ip/blk_mem_gen_0/blk_mem_gen_0/blk_mem_gen_0_in_context.xdc] for cell 'genblk4[4].CV/DUT/ROW'
Parsing XDC File [d:/Final_Year_Prject/Codes/Image-Classification-using-CNN-on-FPGA/Verilog Modules using Vivado/Matrix Multiplication/Matrix Multiplication.srcs/sources_1/ip/blk_mem_gen_0/blk_mem_gen_0/blk_mem_gen_0_in_context.xdc] for cell 'genblk4[4].CV/DUT/COLUMN'
Finished Parsing XDC File [d:/Final_Year_Prject/Codes/Image-Classification-using-CNN-on-FPGA/Verilog Modules using Vivado/Matrix Multiplication/Matrix Multiplication.srcs/sources_1/ip/blk_mem_gen_0/blk_mem_gen_0/blk_mem_gen_0_in_context.xdc] for cell 'genblk4[4].CV/DUT/COLUMN'
Parsing XDC File [d:/Final_Year_Prject/Codes/Image-Classification-using-CNN-on-FPGA/Verilog Modules using Vivado/Matrix Multiplication/Matrix Multiplication.srcs/sources_1/ip/blk_mem_gen_0/blk_mem_gen_0/blk_mem_gen_0_in_context.xdc] for cell 'genblk4[5].CV/DUT/ROW'
Finished Parsing XDC File [d:/Final_Year_Prject/Codes/Image-Classification-using-CNN-on-FPGA/Verilog Modules using Vivado/Matrix Multiplication/Matrix Multiplication.srcs/sources_1/ip/blk_mem_gen_0/blk_mem_gen_0/blk_mem_gen_0_in_context.xdc] for cell 'genblk4[5].CV/DUT/ROW'
Parsing XDC File [d:/Final_Year_Prject/Codes/Image-Classification-using-CNN-on-FPGA/Verilog Modules using Vivado/Matrix Multiplication/Matrix Multiplication.srcs/sources_1/ip/blk_mem_gen_0/blk_mem_gen_0/blk_mem_gen_0_in_context.xdc] for cell 'genblk4[5].CV/DUT/COLUMN'
Finished Parsing XDC File [d:/Final_Year_Prject/Codes/Image-Classification-using-CNN-on-FPGA/Verilog Modules using Vivado/Matrix Multiplication/Matrix Multiplication.srcs/sources_1/ip/blk_mem_gen_0/blk_mem_gen_0/blk_mem_gen_0_in_context.xdc] for cell 'genblk4[5].CV/DUT/COLUMN'
Parsing XDC File [d:/Final_Year_Prject/Codes/Image-Classification-using-CNN-on-FPGA/Verilog Modules using Vivado/Matrix Multiplication/Matrix Multiplication.srcs/sources_1/ip/blk_mem_gen_0/blk_mem_gen_0/blk_mem_gen_0_in_context.xdc] for cell 'genblk4[6].CV/DUT/ROW'
Finished Parsing XDC File [d:/Final_Year_Prject/Codes/Image-Classification-using-CNN-on-FPGA/Verilog Modules using Vivado/Matrix Multiplication/Matrix Multiplication.srcs/sources_1/ip/blk_mem_gen_0/blk_mem_gen_0/blk_mem_gen_0_in_context.xdc] for cell 'genblk4[6].CV/DUT/ROW'
Parsing XDC File [d:/Final_Year_Prject/Codes/Image-Classification-using-CNN-on-FPGA/Verilog Modules using Vivado/Matrix Multiplication/Matrix Multiplication.srcs/sources_1/ip/blk_mem_gen_0/blk_mem_gen_0/blk_mem_gen_0_in_context.xdc] for cell 'genblk4[6].CV/DUT/COLUMN'
Finished Parsing XDC File [d:/Final_Year_Prject/Codes/Image-Classification-using-CNN-on-FPGA/Verilog Modules using Vivado/Matrix Multiplication/Matrix Multiplication.srcs/sources_1/ip/blk_mem_gen_0/blk_mem_gen_0/blk_mem_gen_0_in_context.xdc] for cell 'genblk4[6].CV/DUT/COLUMN'
Parsing XDC File [d:/Final_Year_Prject/Codes/Image-Classification-using-CNN-on-FPGA/Verilog Modules using Vivado/Matrix Multiplication/Matrix Multiplication.srcs/sources_1/ip/blk_mem_gen_0/blk_mem_gen_0/blk_mem_gen_0_in_context.xdc] for cell 'genblk4[7].CV/DUT/ROW'
Finished Parsing XDC File [d:/Final_Year_Prject/Codes/Image-Classification-using-CNN-on-FPGA/Verilog Modules using Vivado/Matrix Multiplication/Matrix Multiplication.srcs/sources_1/ip/blk_mem_gen_0/blk_mem_gen_0/blk_mem_gen_0_in_context.xdc] for cell 'genblk4[7].CV/DUT/ROW'
Parsing XDC File [d:/Final_Year_Prject/Codes/Image-Classification-using-CNN-on-FPGA/Verilog Modules using Vivado/Matrix Multiplication/Matrix Multiplication.srcs/sources_1/ip/blk_mem_gen_0/blk_mem_gen_0/blk_mem_gen_0_in_context.xdc] for cell 'genblk4[7].CV/DUT/COLUMN'
Finished Parsing XDC File [d:/Final_Year_Prject/Codes/Image-Classification-using-CNN-on-FPGA/Verilog Modules using Vivado/Matrix Multiplication/Matrix Multiplication.srcs/sources_1/ip/blk_mem_gen_0/blk_mem_gen_0/blk_mem_gen_0_in_context.xdc] for cell 'genblk4[7].CV/DUT/COLUMN'
Parsing XDC File [d:/Final_Year_Prject/Codes/Image-Classification-using-CNN-on-FPGA/Verilog Modules using Vivado/Matrix Multiplication/Matrix Multiplication.srcs/sources_1/ip/blk_mem_gen_0/blk_mem_gen_0/blk_mem_gen_0_in_context.xdc] for cell 'genblk4[8].CV/DUT/ROW'
Finished Parsing XDC File [d:/Final_Year_Prject/Codes/Image-Classification-using-CNN-on-FPGA/Verilog Modules using Vivado/Matrix Multiplication/Matrix Multiplication.srcs/sources_1/ip/blk_mem_gen_0/blk_mem_gen_0/blk_mem_gen_0_in_context.xdc] for cell 'genblk4[8].CV/DUT/ROW'
Parsing XDC File [d:/Final_Year_Prject/Codes/Image-Classification-using-CNN-on-FPGA/Verilog Modules using Vivado/Matrix Multiplication/Matrix Multiplication.srcs/sources_1/ip/blk_mem_gen_0/blk_mem_gen_0/blk_mem_gen_0_in_context.xdc] for cell 'genblk4[8].CV/DUT/COLUMN'
Finished Parsing XDC File [d:/Final_Year_Prject/Codes/Image-Classification-using-CNN-on-FPGA/Verilog Modules using Vivado/Matrix Multiplication/Matrix Multiplication.srcs/sources_1/ip/blk_mem_gen_0/blk_mem_gen_0/blk_mem_gen_0_in_context.xdc] for cell 'genblk4[8].CV/DUT/COLUMN'
Parsing XDC File [d:/Final_Year_Prject/Codes/Image-Classification-using-CNN-on-FPGA/Verilog Modules using Vivado/Matrix convolution/matrix convolution/matrix convolution.srcs/sources_1/ip/c_counter_binary_0/c_counter_binary_0/c_counter_binary_0_in_context.xdc] for cell 'genblk4[0].CV/common'
Finished Parsing XDC File [d:/Final_Year_Prject/Codes/Image-Classification-using-CNN-on-FPGA/Verilog Modules using Vivado/Matrix convolution/matrix convolution/matrix convolution.srcs/sources_1/ip/c_counter_binary_0/c_counter_binary_0/c_counter_binary_0_in_context.xdc] for cell 'genblk4[0].CV/common'
Parsing XDC File [d:/Final_Year_Prject/Codes/Image-Classification-using-CNN-on-FPGA/Verilog Modules using Vivado/Matrix convolution/matrix convolution/matrix convolution.srcs/sources_1/ip/c_counter_binary_0/c_counter_binary_0/c_counter_binary_0_in_context.xdc] for cell 'genblk4[1].CV/common'
Finished Parsing XDC File [d:/Final_Year_Prject/Codes/Image-Classification-using-CNN-on-FPGA/Verilog Modules using Vivado/Matrix convolution/matrix convolution/matrix convolution.srcs/sources_1/ip/c_counter_binary_0/c_counter_binary_0/c_counter_binary_0_in_context.xdc] for cell 'genblk4[1].CV/common'
Parsing XDC File [d:/Final_Year_Prject/Codes/Image-Classification-using-CNN-on-FPGA/Verilog Modules using Vivado/Matrix convolution/matrix convolution/matrix convolution.srcs/sources_1/ip/c_counter_binary_0/c_counter_binary_0/c_counter_binary_0_in_context.xdc] for cell 'genblk4[2].CV/common'
Finished Parsing XDC File [d:/Final_Year_Prject/Codes/Image-Classification-using-CNN-on-FPGA/Verilog Modules using Vivado/Matrix convolution/matrix convolution/matrix convolution.srcs/sources_1/ip/c_counter_binary_0/c_counter_binary_0/c_counter_binary_0_in_context.xdc] for cell 'genblk4[2].CV/common'
Parsing XDC File [d:/Final_Year_Prject/Codes/Image-Classification-using-CNN-on-FPGA/Verilog Modules using Vivado/Matrix convolution/matrix convolution/matrix convolution.srcs/sources_1/ip/c_counter_binary_0/c_counter_binary_0/c_counter_binary_0_in_context.xdc] for cell 'genblk4[3].CV/common'
Finished Parsing XDC File [d:/Final_Year_Prject/Codes/Image-Classification-using-CNN-on-FPGA/Verilog Modules using Vivado/Matrix convolution/matrix convolution/matrix convolution.srcs/sources_1/ip/c_counter_binary_0/c_counter_binary_0/c_counter_binary_0_in_context.xdc] for cell 'genblk4[3].CV/common'
Parsing XDC File [d:/Final_Year_Prject/Codes/Image-Classification-using-CNN-on-FPGA/Verilog Modules using Vivado/Matrix convolution/matrix convolution/matrix convolution.srcs/sources_1/ip/c_counter_binary_0/c_counter_binary_0/c_counter_binary_0_in_context.xdc] for cell 'genblk4[4].CV/common'
Finished Parsing XDC File [d:/Final_Year_Prject/Codes/Image-Classification-using-CNN-on-FPGA/Verilog Modules using Vivado/Matrix convolution/matrix convolution/matrix convolution.srcs/sources_1/ip/c_counter_binary_0/c_counter_binary_0/c_counter_binary_0_in_context.xdc] for cell 'genblk4[4].CV/common'
Parsing XDC File [d:/Final_Year_Prject/Codes/Image-Classification-using-CNN-on-FPGA/Verilog Modules using Vivado/Matrix convolution/matrix convolution/matrix convolution.srcs/sources_1/ip/c_counter_binary_0/c_counter_binary_0/c_counter_binary_0_in_context.xdc] for cell 'genblk4[5].CV/common'
Finished Parsing XDC File [d:/Final_Year_Prject/Codes/Image-Classification-using-CNN-on-FPGA/Verilog Modules using Vivado/Matrix convolution/matrix convolution/matrix convolution.srcs/sources_1/ip/c_counter_binary_0/c_counter_binary_0/c_counter_binary_0_in_context.xdc] for cell 'genblk4[5].CV/common'
Parsing XDC File [d:/Final_Year_Prject/Codes/Image-Classification-using-CNN-on-FPGA/Verilog Modules using Vivado/Matrix convolution/matrix convolution/matrix convolution.srcs/sources_1/ip/c_counter_binary_0/c_counter_binary_0/c_counter_binary_0_in_context.xdc] for cell 'genblk4[6].CV/common'
Finished Parsing XDC File [d:/Final_Year_Prject/Codes/Image-Classification-using-CNN-on-FPGA/Verilog Modules using Vivado/Matrix convolution/matrix convolution/matrix convolution.srcs/sources_1/ip/c_counter_binary_0/c_counter_binary_0/c_counter_binary_0_in_context.xdc] for cell 'genblk4[6].CV/common'
Parsing XDC File [d:/Final_Year_Prject/Codes/Image-Classification-using-CNN-on-FPGA/Verilog Modules using Vivado/Matrix convolution/matrix convolution/matrix convolution.srcs/sources_1/ip/c_counter_binary_0/c_counter_binary_0/c_counter_binary_0_in_context.xdc] for cell 'genblk4[7].CV/common'
Finished Parsing XDC File [d:/Final_Year_Prject/Codes/Image-Classification-using-CNN-on-FPGA/Verilog Modules using Vivado/Matrix convolution/matrix convolution/matrix convolution.srcs/sources_1/ip/c_counter_binary_0/c_counter_binary_0/c_counter_binary_0_in_context.xdc] for cell 'genblk4[7].CV/common'
Parsing XDC File [d:/Final_Year_Prject/Codes/Image-Classification-using-CNN-on-FPGA/Verilog Modules using Vivado/Matrix convolution/matrix convolution/matrix convolution.srcs/sources_1/ip/c_counter_binary_0/c_counter_binary_0/c_counter_binary_0_in_context.xdc] for cell 'genblk4[8].CV/common'
Finished Parsing XDC File [d:/Final_Year_Prject/Codes/Image-Classification-using-CNN-on-FPGA/Verilog Modules using Vivado/Matrix convolution/matrix convolution/matrix convolution.srcs/sources_1/ip/c_counter_binary_0/c_counter_binary_0/c_counter_binary_0_in_context.xdc] for cell 'genblk4[8].CV/common'
Parsing XDC File [D:/Final_Year_Prject/Codes/Image-Classification-using-CNN-on-FPGA/Verilog Modules using Vivado/Sliding Window Convolution/Sliding Window Convolution.runs/synth_1/dont_touch.xdc]
Finished Parsing XDC File [D:/Final_Year_Prject/Codes/Image-Classification-using-CNN-on-FPGA/Verilog Modules using Vivado/Sliding Window Convolution/Sliding Window Convolution.runs/synth_1/dont_touch.xdc]
Completed Processing XDC Constraints

Netlist sorting complete. Time (s): cpu = 00:00:00 ; elapsed = 00:00:00.004 . Memory (MB): peak = 1325.555 ; gain = 0.000
INFO: [Project 1-111] Unisim Transformation Summary:
No Unisim elements were transformed.

Constraint Validation Runtime : Time (s): cpu = 00:00:01 ; elapsed = 00:00:00.059 . Memory (MB): peak = 1325.555 ; gain = 0.000
---------------------------------------------------------------------------------
Finished Constraint Validation : Time (s): cpu = 00:00:20 ; elapsed = 00:00:22 . Memory (MB): peak = 1325.555 ; gain = 223.457
---------------------------------------------------------------------------------
---------------------------------------------------------------------------------
Start Loading Part and Timing Information
---------------------------------------------------------------------------------
Loading part: xc7a200tiffg1156-1L
---------------------------------------------------------------------------------
Finished Loading Part and Timing Information : Time (s): cpu = 00:00:20 ; elapsed = 00:00:22 . Memory (MB): peak = 1325.555 ; gain = 223.457
---------------------------------------------------------------------------------
---------------------------------------------------------------------------------
Start Applying 'set_property' XDC Constraints
---------------------------------------------------------------------------------
Applied set_property KEEP_HIERARCHY = SOFT for \genblk4[0].CV /DUT/COLUMN. (constraint file  auto generated constraint).
Applied set_property KEEP_HIERARCHY = SOFT for \genblk4[1].CV /DUT/COLUMN. (constraint file  auto generated constraint).
Applied set_property KEEP_HIERARCHY = SOFT for \genblk4[2].CV /DUT/COLUMN. (constraint file  auto generated constraint).
Applied set_property KEEP_HIERARCHY = SOFT for \genblk4[3].CV /DUT/COLUMN. (constraint file  auto generated constraint).
Applied set_property KEEP_HIERARCHY = SOFT for \genblk4[4].CV /DUT/COLUMN. (constraint file  auto generated constraint).
Applied set_property KEEP_HIERARCHY = SOFT for \genblk4[5].CV /DUT/COLUMN. (constraint file  auto generated constraint).
Applied set_property KEEP_HIERARCHY = SOFT for \genblk4[6].CV /DUT/COLUMN. (constraint file  auto generated constraint).
Applied set_property KEEP_HIERARCHY = SOFT for \genblk4[7].CV /DUT/COLUMN. (constraint file  auto generated constraint).
Applied set_property KEEP_HIERARCHY = SOFT for \genblk4[8].CV /DUT/COLUMN. (constraint file  auto generated constraint).
Applied set_property KEEP_HIERARCHY = SOFT for \genblk4[0].CV /DUT/ROW. (constraint file  auto generated constraint).
Applied set_property KEEP_HIERARCHY = SOFT for \genblk4[1].CV /DUT/ROW. (constraint file  auto generated constraint).
Applied set_property KEEP_HIERARCHY = SOFT for \genblk4[2].CV /DUT/ROW. (constraint file  auto generated constraint).
Applied set_property KEEP_HIERARCHY = SOFT for \genblk4[3].CV /DUT/ROW. (constraint file  auto generated constraint).
Applied set_property KEEP_HIERARCHY = SOFT for \genblk4[4].CV /DUT/ROW. (constraint file  auto generated constraint).
Applied set_property KEEP_HIERARCHY = SOFT for \genblk4[5].CV /DUT/ROW. (constraint file  auto generated constraint).
Applied set_property KEEP_HIERARCHY = SOFT for \genblk4[6].CV /DUT/ROW. (constraint file  auto generated constraint).
Applied set_property KEEP_HIERARCHY = SOFT for \genblk4[7].CV /DUT/ROW. (constraint file  auto generated constraint).
Applied set_property KEEP_HIERARCHY = SOFT for \genblk4[8].CV /DUT/ROW. (constraint file  auto generated constraint).
Applied set_property KEEP_HIERARCHY = SOFT for \genblk4[0].CV /common. (constraint file  auto generated constraint).
Applied set_property KEEP_HIERARCHY = SOFT for \genblk4[1].CV /common. (constraint file  auto generated constraint).
Applied set_property KEEP_HIERARCHY = SOFT for \genblk4[2].CV /common. (constraint file  auto generated constraint).
Applied set_property KEEP_HIERARCHY = SOFT for \genblk4[3].CV /common. (constraint file  auto generated constraint).
Applied set_property KEEP_HIERARCHY = SOFT for \genblk4[4].CV /common. (constraint file  auto generated constraint).
Applied set_property KEEP_HIERARCHY = SOFT for \genblk4[5].CV /common. (constraint file  auto generated constraint).
Applied set_property KEEP_HIERARCHY = SOFT for \genblk4[6].CV /common. (constraint file  auto generated constraint).
Applied set_property KEEP_HIERARCHY = SOFT for \genblk4[7].CV /common. (constraint file  auto generated constraint).
Applied set_property KEEP_HIERARCHY = SOFT for \genblk4[8].CV /common. (constraint file  auto generated constraint).
---------------------------------------------------------------------------------
Finished applying 'set_property' XDC Constraints : Time (s): cpu = 00:00:20 ; elapsed = 00:00:23 . Memory (MB): peak = 1325.555 ; gain = 223.457
---------------------------------------------------------------------------------
---------------------------------------------------------------------------------
Finished RTL Optimization Phase 2 : Time (s): cpu = 00:00:21 ; elapsed = 00:00:24 . Memory (MB): peak = 1325.555 ; gain = 223.457
---------------------------------------------------------------------------------
---------------------------------------------------------------------------------
Start RTL Component Statistics 
---------------------------------------------------------------------------------
Detailed RTL Component Info : 
+---Registers : 
	               18 Bit    Registers := 18    
+---Muxes : 
	   4 Input   18 Bit        Muxes := 18    
	   2 Input    1 Bit        Muxes := 18    
---------------------------------------------------------------------------------
Finished RTL Component Statistics 
---------------------------------------------------------------------------------
---------------------------------------------------------------------------------
Start Part Resource Summary
---------------------------------------------------------------------------------
Part Resources:
DSPs: 740 (col length:100)
BRAMs: 730 (col length: RAMB18 100 RAMB36 50)
---------------------------------------------------------------------------------
Finished Part Resource Summary
---------------------------------------------------------------------------------
---------------------------------------------------------------------------------
Start Cross Boundary and Area Optimization
---------------------------------------------------------------------------------
---------------------------------------------------------------------------------
Finished Cross Boundary and Area Optimization : Time (s): cpu = 00:00:26 ; elapsed = 00:00:29 . Memory (MB): peak = 1325.555 ; gain = 223.457
---------------------------------------------------------------------------------
---------------------------------------------------------------------------------
Start Applying XDC Timing Constraints
---------------------------------------------------------------------------------
---------------------------------------------------------------------------------
Finished Applying XDC Timing Constraints : Time (s): cpu = 00:00:35 ; elapsed = 00:00:38 . Memory (MB): peak = 1325.555 ; gain = 223.457
---------------------------------------------------------------------------------
---------------------------------------------------------------------------------
Start Timing Optimization
---------------------------------------------------------------------------------
---------------------------------------------------------------------------------
Finished Timing Optimization : Time (s): cpu = 00:00:35 ; elapsed = 00:00:38 . Memory (MB): peak = 1325.555 ; gain = 223.457
---------------------------------------------------------------------------------
---------------------------------------------------------------------------------
Start Technology Mapping
---------------------------------------------------------------------------------
---------------------------------------------------------------------------------
Finished Technology Mapping : Time (s): cpu = 00:00:36 ; elapsed = 00:00:39 . Memory (MB): peak = 1338.234 ; gain = 236.137
---------------------------------------------------------------------------------
---------------------------------------------------------------------------------
Start IO Insertion
---------------------------------------------------------------------------------
---------------------------------------------------------------------------------
Start Flattening Before IO Insertion
---------------------------------------------------------------------------------
---------------------------------------------------------------------------------
Finished Flattening Before IO Insertion
---------------------------------------------------------------------------------
---------------------------------------------------------------------------------
Start Final Netlist Cleanup
---------------------------------------------------------------------------------
---------------------------------------------------------------------------------
Finished Final Netlist Cleanup
---------------------------------------------------------------------------------
---------------------------------------------------------------------------------
Finished IO Insertion : Time (s): cpu = 00:00:41 ; elapsed = 00:00:45 . Memory (MB): peak = 1353.000 ; gain = 250.902
---------------------------------------------------------------------------------
---------------------------------------------------------------------------------
Start Renaming Generated Instances
---------------------------------------------------------------------------------
---------------------------------------------------------------------------------
Finished Renaming Generated Instances : Time (s): cpu = 00:00:41 ; elapsed = 00:00:45 . Memory (MB): peak = 1353.000 ; gain = 250.902
---------------------------------------------------------------------------------
---------------------------------------------------------------------------------
Start Rebuilding User Hierarchy
---------------------------------------------------------------------------------
---------------------------------------------------------------------------------
Finished Rebuilding User Hierarchy : Time (s): cpu = 00:00:42 ; elapsed = 00:00:45 . Memory (MB): peak = 1353.000 ; gain = 250.902
---------------------------------------------------------------------------------
---------------------------------------------------------------------------------
Start Renaming Generated Ports
---------------------------------------------------------------------------------
---------------------------------------------------------------------------------
Finished Renaming Generated Ports : Time (s): cpu = 00:00:42 ; elapsed = 00:00:45 . Memory (MB): peak = 1353.000 ; gain = 250.902
---------------------------------------------------------------------------------
---------------------------------------------------------------------------------
Start Handling Custom Attributes
---------------------------------------------------------------------------------
---------------------------------------------------------------------------------
Finished Handling Custom Attributes : Time (s): cpu = 00:00:42 ; elapsed = 00:00:45 . Memory (MB): peak = 1353.000 ; gain = 250.902
---------------------------------------------------------------------------------
---------------------------------------------------------------------------------
Start Renaming Generated Nets
---------------------------------------------------------------------------------
---------------------------------------------------------------------------------
Finished Renaming Generated Nets : Time (s): cpu = 00:00:42 ; elapsed = 00:00:45 . Memory (MB): peak = 1353.000 ; gain = 250.902
---------------------------------------------------------------------------------
---------------------------------------------------------------------------------
Start Writing Synthesis Report
---------------------------------------------------------------------------------

Report BlackBoxes: 
+------+-------------------+----------+
|      |BlackBox name      |Instances |
+------+-------------------+----------+
|1     |c_counter_binary_0 |         9|
|2     |blk_mem_gen_0      |        18|
+------+-------------------+----------+

Report Cell Usage: 
+------+--------------------+------+
|      |Cell                |Count |
+------+--------------------+------+
|1     |blk_mem_gen         |     1|
|2     |blk_mem_gen_0_      |    17|
|19    |c_counter_binary    |     1|
|20    |c_counter_binary_0_ |     8|
|28    |BUFG                |     1|
|29    |CARRY4              |   162|
|30    |LUT2                |   685|
|31    |LUT3                |    63|
|32    |LUT4                |   225|
|33    |LUT5                |    54|
|34    |LUT6                |   666|
|35    |FDRE                |   468|
|36    |IBUF                |   281|
|37    |OBUF                |   162|
+------+--------------------+------+
---------------------------------------------------------------------------------
Finished Writing Synthesis Report : Time (s): cpu = 00:00:42 ; elapsed = 00:00:45 . Memory (MB): peak = 1353.000 ; gain = 250.902
---------------------------------------------------------------------------------
Synthesis finished with 0 errors, 0 critical warnings and 0 warnings.
Synthesis Optimization Runtime : Time (s): cpu = 00:00:28 ; elapsed = 00:00:40 . Memory (MB): peak = 1353.000 ; gain = 145.906
Synthesis Optimization Complete : Time (s): cpu = 00:00:42 ; elapsed = 00:00:45 . Memory (MB): peak = 1353.000 ; gain = 250.902
INFO: [Project 1-571] Translating synthesized netlist
Netlist sorting complete. Time (s): cpu = 00:00:00 ; elapsed = 00:00:00.155 . Memory (MB): peak = 1365.082 ; gain = 0.000
INFO: [Netlist 29-17] Analyzing 162 Unisim elements for replacement
INFO: [Netlist 29-28] Unisim Transformation completed in 0 CPU seconds
INFO: [Project 1-570] Preparing netlist for logic optimization
INFO: [Opt 31-138] Pushed 0 inverter(s) to 0 load pin(s).
Netlist sorting complete. Time (s): cpu = 00:00:00 ; elapsed = 00:00:00.002 . Memory (MB): peak = 1365.082 ; gain = 0.000
INFO: [Project 1-111] Unisim Transformation Summary:
No Unisim elements were transformed.

INFO: [Common 17-83] Releasing license: Synthesis
30 Infos, 5 Warnings, 0 Critical Warnings and 0 Errors encountered.
synth_design completed successfully
synth_design: Time (s): cpu = 00:00:53 ; elapsed = 00:00:59 . Memory (MB): peak = 1365.082 ; gain = 262.984
INFO: [Common 17-1381] The checkpoint 'D:/Final_Year_Prject/Codes/Image-Classification-using-CNN-on-FPGA/Verilog Modules using Vivado/Sliding Window Convolution/Sliding Window Convolution.runs/synth_1/slide_window_conv.dcp' has been generated.
INFO: [runtcl-4] Executing : report_utilization -file slide_window_conv_utilization_synth.rpt -pb slide_window_conv_utilization_synth.pb
INFO: [Common 17-206] Exiting Vivado at Fri Mar 18 22:17:14 2022...
