INFO: [VRFC 10-2263] Analyzing Verilog file "D:/Final_Year_Prject/Codes/Image-Classification-using-CNN-on-FPGA/Verilog Modules using Vivado/Matrix convolution/matrix convolution/matrix convolution.ip_user_files/ipstatic/simulation/blk_mem_gen_v8_4.v" into library blk_mem_gen_v8_4_1
INFO: [VRFC 10-311] analyzing module STATE_LOGIC_v8_4
INFO: [VRFC 10-311] analyzing module beh_vlog_muxf7_v8_4
INFO: [VRFC 10-311] analyzing module beh_vlog_ff_clr_v8_4
INFO: [VRFC 10-311] analyzing module beh_vlog_ff_pre_v8_4
INFO: [VRFC 10-311] analyzing module beh_vlog_ff_ce_clr_v8_4
INFO: [VRFC 10-311] analyzing module write_netlist_v8_4
INFO: [VRFC 10-311] analyzing module read_netlist_v8_4
INFO: [VRFC 10-311] analyzing module blk_mem_axi_write_wrapper_beh_v8_4
INFO: [VRFC 10-311] analyzing module blk_mem_axi_read_wrapper_beh_v8_4
INFO: [VRFC 10-311] analyzing module blk_mem_axi_regs_fwd_v8_4
INFO: [VRFC 10-311] analyzing module blk_mem_gen_v8_4_1_output_stage
INFO: [VRFC 10-311] analyzing module blk_mem_gen_v8_4_1_softecc_output_reg_stage
INFO: [VRFC 10-311] analyzing module blk_mem_gen_v8_4_1_mem_module
INFO: [VRFC 10-311] analyzing module blk_mem_gen_v8_4_1
INFO: [VRFC 10-2263] Analyzing Verilog file "D:/Final_Year_Prject/Codes/Image-Classification-using-CNN-on-FPGA/Verilog Modules using Vivado/Matrix convolution/matrix convolution/matrix convolution.srcs/sources_1/ip/blk_mem_gen_0/sim/blk_mem_gen_0.v" into library xil_defaultlib
INFO: [VRFC 10-311] analyzing module blk_mem_gen_0
INFO: [VRFC 10-2263] Analyzing Verilog file "D:/Final_Year_Prject/Codes/Image-Classification-using-CNN-on-FPGA/Verilog Modules using Vivado/Matrix convolution/matrix convolution/matrix convolution.srcs/sources_1/new/conv.v" into library xil_defaultlib
INFO: [VRFC 10-311] analyzing module conv
INFO: [VRFC 10-2263] Analyzing Verilog file "D:/Final_Year_Prject/Codes/Image-Classification-using-CNN-on-FPGA/Verilog Modules using Vivado/generic mac/generic mac.srcs/sources_1/new/mac_generic.v" into library xil_defaultlib
INFO: [VRFC 10-311] analyzing module mac_generic
INFO: [VRFC 10-2263] Analyzing Verilog file "D:/Final_Year_Prject/Codes/Image-Classification-using-CNN-on-FPGA/Verilog Modules using Vivado/Matrix Multiplication/Matrix Multiplication.srcs/sources_1/new/matrix_multiplier.v" into library xil_defaultlib
INFO: [VRFC 10-311] analyzing module matrix_multiplier
INFO: [VRFC 10-2263] Analyzing Verilog file "D:/Final_Year_Prject/Codes/Image-Classification-using-CNN-on-FPGA/Verilog Modules using Vivado/mux_generic/mux_generic.srcs/sources_1/new/mux_g.v" into library xil_defaultlib
INFO: [VRFC 10-311] analyzing module mux_g
INFO: [VRFC 10-2263] Analyzing Verilog file "D:/Final_Year_Prject/Codes/Image-Classification-using-CNN-on-FPGA/Verilog Modules using Vivado/Matrix convolution/matrix convolution/matrix convolution.srcs/sources_1/new/conv_tb.v" into library xil_defaultlib
INFO: [VRFC 10-311] analyzing module conv_tb
INFO: [VRFC 10-2263] Analyzing Verilog file "D:/Final_Year_Prject/Codes/Image-Classification-using-CNN-on-FPGA/Verilog Modules using Vivado/Matrix convolution/matrix convolution/matrix convolution.sim/sim_1/behav/xsim/glbl.v" into library xil_defaultlib
INFO: [VRFC 10-311] analyzing module glbl
