#-----------------------------------------------------------
# Vivado v2020.2 (64-bit)
# SW Build 3064766 on Wed Nov 18 09:12:45 MST 2020
# IP Build 3064653 on Wed Nov 18 14:17:31 MST 2020
# Start of session at: Fri Mar 18 22:09:48 2022
# Process ID: 1208
# Current directory: D:/Final_Year_Prject/Codes/Image-Classification-using-CNN-on-FPGA/Verilog Modules using Vivado/generic mac
# Command line: vivado.exe -gui_launcher_event rodinguilauncherevent10632 D:\Final_Year_Prject\Codes\Image-Classification-using-CNN-on-FPGA\Verilog Modules using Vivado\generic mac\generic mac.xpr
# Log file: D:/Final_Year_Prject/Codes/Image-Classification-using-CNN-on-FPGA/Verilog Modules using Vivado/generic mac/vivado.log
# Journal file: D:/Final_Year_Prject/Codes/Image-Classification-using-CNN-on-FPGA/Verilog Modules using Vivado/generic mac\vivado.jou
#-----------------------------------------------------------
start_gui
open_project {D:/Final_Year_Prject/Codes/Image-Classification-using-CNN-on-FPGA/Verilog Modules using Vivado/generic mac/generic mac.xpr}
INFO: [ProjectBase 1-489] The host OS only allows 260 characters in a normal path. The project is stored in a path with more than 80 characters. If you experience issues with IP, Block Designs, or files not being found, please consider moving the project to a location with a shorter path. Alternately consider using the OS subst command to map part of the path to a drive letter.
Current project path is 'D:/Final_Year_Prject/Codes/Image-Classification-using-CNN-on-FPGA/Verilog Modules using Vivado/generic mac'
INFO: [Common 17-41] Interrupt caught. Command should exit soon.
INFO: [Common 17-344] 'open_project' was cancelled
exit
INFO: [Common 17-206] Exiting Vivado at Fri Mar 18 22:10:39 2022...
do IP repository 'D:/xilinx/Vivado/2020.2/data/ip'.
open_project: Time (s): cpu = 00:00:42 ; elapsed = 00:00:19 . Memory (MB): peak = 1088.484 ; gain = 0.000
update_compile_order -fileset sources_1
exit
INFO: [Common 17-206] Exiting Vivado at Fri Mar 18 23:12:33 2022...
