#-----------------------------------------------------------
# Vivado v2017.4 (64-bit)
# SW Build 2086221 on Fri Dec 15 20:55:39 MST 2017
# IP Build 2085800 on Fri Dec 15 22:25:07 MST 2017
# Start of session at: Mon Jan  6 15:45:06 2020
# Process ID: 15268
# Current directory: C:/Users/asus2/Desktop/FPGA/xilinx 2017.4 programs/generic mac
# Command line: vivado.exe -gui_launcher_event rodinguilauncherevent17188 C:\Users\asus2\Desktop\FPGA\xilinx 2017.4 programs\generic mac\generic mac.xpr
# Log file: C:/Users/asus2/Desktop/FPGA/xilinx 2017.4 programs/generic mac/vivado.log
# Journal file: C:/Users/asus2/Desktop/FPGA/xilinx 2017.4 programs/generic mac\vivado.jou
#-----------------------------------------------------------
start_gui
open_project {C:/Users/asus2/Desktop/FPGA/xilinx 2017.4 programs/generic mac/generic mac.xpr}
INFO: [Project 1-313] Project file moved from 'C:/Users/Abhinas/Desktop/FPGA/xilinx 2017.4 programs/generic mac' since last save.
Scanning sources...
Finished scanning sources
INFO: [IP_Flow 19-234] Refreshing IP repositories
INFO: [IP_Flow 19-1704] No user IP repositories specified
INFO: [IP_Flow 19-2313] Loaded Vivado IP repository 'C:/Xilinx/Vivado/2017.4/data/ip'.
open_project: Time (s): cpu = 00:00:19 ; elapsed = 00:00:16 . Memory (MB): peak = 673.645 ; gain = 19.109
update_compile_order -fileset sources_1
exit
INFO: [Common 17-206] Exiting Vivado at Mon Jan  6 15:47:29 2020...
